<?xml version="1.0" encoding="UTF-8"?>
<!-- Generated by org.testng.reporters.JUnitXMLReporter -->
<testsuite ignored="0" hostname="DESKTOP-UCU1O43" failures="0" tests="20" name="Test" time="477.419" errors="0" timestamp="2025-06-26T15:07:40 IST">
  <testcase classname="com.qa.testscripts.TestBase" name="@BeforeClass SetUp" time="25.592">
    <failure type="org.openqa.selenium.WebDriverException" message="unknown error: failed to change window state to &amp;apos;maximized&amp;apos;, current state is &amp;apos;minimized&amp;apos;
  (Session info: chrome=137.0.7151.120)
Build info: version: &amp;apos;4.11.0&amp;apos;, revision: &amp;apos;040bc5406b&amp;apos;
System info: os.name: &amp;apos;Windows 10&amp;apos;, os.arch: &amp;apos;amd64&amp;apos;, os.version: &amp;apos;10.0&amp;apos;, java.version: &amp;apos;17.0.12&amp;apos;
Driver info: org.openqa.selenium.chrome.ChromeDriver
Command: [964fd8ce0de5a424629fcef121d8e1a2, maximizeCurrentWindow {}]
Capabilities {acceptInsecureCerts: false, browserName: chrome, browserVersion: 137.0.7151.120, chrome: {chromedriverVersion: 137.0.7151.119 (e0ac9d12dff..., userDataDir: C:\Users\SS\AppData\Local\T...}, fedcm:accounts: true, goog:chromeOptions: {debuggerAddress: localhost:51728}, networkConnectionEnabled: false, pageLoadStrategy: normal, platformName: windows, proxy: Proxy(), se:cdp: ws://localhost:51728/devtoo..., se:cdpVersion: 137.0.7151.120, setWindowRect: true, strictFileInteractability: false, timeouts: {implicit: 0, pageLoad: 300000, script: 30000}, unhandledPromptBehavior: dismiss and notify, webauthn:extension:credBlob: true, webauthn:extension:largeBlob: true, webauthn:extension:minPinLength: true, webauthn:extension:prf: true, webauthn:virtualAuthenticators: true}
Session ID: 964fd8ce0de5a424629fcef121d8e1a2">
      <![CDATA[org.openqa.selenium.WebDriverException: unknown error: failed to change window state to 'maximized', current state is 'minimized'
  (Session info: chrome=137.0.7151.120)
Build info: version: '4.11.0', revision: '040bc5406b'
System info: os.name: 'Windows 10', os.arch: 'amd64', os.version: '10.0', java.version: '17.0.12'
Driver info: org.openqa.selenium.chrome.ChromeDriver
Command: [964fd8ce0de5a424629fcef121d8e1a2, maximizeCurrentWindow {}]
Capabilities {acceptInsecureCerts: false, browserName: chrome, browserVersion: 137.0.7151.120, chrome: {chromedriverVersion: 137.0.7151.119 (e0ac9d12dff..., userDataDir: C:\Users\SS\AppData\Local\T...}, fedcm:accounts: true, goog:chromeOptions: {debuggerAddress: localhost:51728}, networkConnectionEnabled: false, pageLoadStrategy: normal, platformName: windows, proxy: Proxy(), se:cdp: ws://localhost:51728/devtoo..., se:cdpVersion: 137.0.7151.120, setWindowRect: true, strictFileInteractability: false, timeouts: {implicit: 0, pageLoad: 300000, script: 30000}, unhandledPromptBehavior: dismiss and notify, webauthn:extension:credBlob: true, webauthn:extension:largeBlob: true, webauthn:extension:minPinLength: true, webauthn:extension:prf: true, webauthn:virtualAuthenticators: true}
Session ID: 964fd8ce0de5a424629fcef121d8e1a2
at org.openqa.selenium.remote.codec.w3c.W3CHttpResponseCodec.createException(W3CHttpResponseCodec.java:200)
at org.openqa.selenium.remote.codec.w3c.W3CHttpResponseCodec.decode(W3CHttpResponseCodec.java:133)
at org.openqa.selenium.remote.codec.w3c.W3CHttpResponseCodec.decode(W3CHttpResponseCodec.java:52)
at org.openqa.selenium.remote.HttpCommandExecutor.execute(HttpCommandExecutor.java:191)
at org.openqa.selenium.remote.service.DriverCommandExecutor.invokeExecute(DriverCommandExecutor.java:196)
at org.openqa.selenium.remote.service.DriverCommandExecutor.execute(DriverCommandExecutor.java:171)
at org.openqa.selenium.remote.RemoteWebDriver.execute(RemoteWebDriver.java:518)
at org.openqa.selenium.remote.RemoteWebDriver.execute(RemoteWebDriver.java:591)
at org.openqa.selenium.remote.RemoteWebDriver.execute(RemoteWebDriver.java:595)
at org.openqa.selenium.remote.RemoteWebDriver$RemoteWebDriverOptions$RemoteWindow.maximize(RemoteWebDriver.java:978)
at com.qa.testscripts.TestBase.SetUp(TestBase.java:48)
at java.base/java.util.ArrayList.forEach(ArrayList.java:1511)
... Removed 30 stack frames]]>
    </failure>
  </testcase> <!-- @BeforeClass SetUp -->
  <testcase classname="com.qa.testscripts.Amazon_BrowserDemo" name="LaunchBrowser" time="4.242"/>
  <testcase classname="com.qa.testscripts.WebPage_Scrolling_Demo" name="ScrollDownUsingPixel" time="6.126"/>
  <testcase classname="com.qa.testscripts.WebPage_Scrolling_Demo" name="ScrollDownUsingWebElemnt" time="2.273"/>
  <testcase classname="com.qa.testscripts.WebPage_Scrolling_Demo" name="ScrollDownUsingBottomPage" time="7.98"/>
  <testcase classname="com.qa.testscripts.WebPage_Scrolling_Demo" name="ScrollToTop" time="4.245"/>
  <testcase classname="com.qa.testscripts.WebPage_Scrolling_Demo" name="ScrollUsingActions" time="2.119"/>
  <testcase classname="com.qa.testscripts.DragandDrop_Method" name="LaunchBrowser" time="12.937"/>
  <testcase classname="com.qa.testscripts.ActionClass_Demo" name="LaunchBrowser" time="64.672"/>
  <testcase classname="com.qa.testscripts.RobotClass_Demo" name="RobotClassDemo" time="28.407"/>
  <testcase classname="com.qa.testscripts.FlipKart_GetCommands" name="LaunchBrowser" time="12.064"/>
  <testcase classname="com.qa.testscripts.Google_Travel" name="Browser_Launch_URL_Open" time="11.998"/>
  <testcase classname="com.qa.testscripts.Zepto_Navigate_Commands" name="LaunchBrowser" time="109.705"/>
  <testcase classname="com.qa.testscripts.Amazon_Loactors" name="LaunchBrowser" time="36.088"/>
  <testcase classname="com.qa.testscripts.Handling_Alerts_Demo" name="AcceptAlertTest" time="9.036"/>
  <testcase classname="com.qa.testscripts.Handling_Alerts_Demo" name="DismissAlertTest" time="4.689"/>
  <testcase classname="com.qa.testscripts.Handling_Alerts_Demo" name="GetTextAlertText" time="4.583"/>
  <testcase classname="com.qa.testscripts.Handling_Alerts_Demo" name="SendKeysAlertText" time="7.083"/>
  <testcase classname="com.qa.testscripts.Amazon_Drag_Drop" name="LunchBrowser" time="26.41"/>
  <testcase classname="com.qa.testscripts.LaunchBrowser" name="LoginFun" time="12.376"/>
  <testcase classname="com.qa.testscripts.Waits_Demo" name="FluentWaitTest" time="0.001">
    <skipped/>
  </testcase> <!-- FluentWaitTest -->
</testsuite> <!-- Test -->
