<?xml version="1.0" encoding="UTF-8"?>
<testng-results ignored="0" total="20" passed="19" failed="0" skipped="1">
  <reporter-output>
  </reporter-output>
  <suite started-at="2025-06-26T14:59:40 IST" name="Suite" finished-at="2025-06-26T15:07:37 IST" duration-ms="477419">
    <groups>
    </groups>
    <test started-at="2025-06-26T14:59:40 IST" name="Test" finished-at="2025-06-26T15:07:37 IST" duration-ms="477419">
      <class name="com.qa.testscripts.LaunchBrowser">
        <test-method is-config="true" signature="Setup()[pri:0, instance:com.qa.testscripts.LaunchBrowser@38af9828]" started-at="2025-06-26T15:06:29 IST" name="Setup" finished-at="2025-06-26T15:06:53 IST" duration-ms="24008" status="PASS">
          <reporter-output>
          </reporter-output>
        </test-method> <!-- Setup -->
        <test-method signature="LoginFun()[pri:0, instance:com.qa.testscripts.LaunchBrowser@38af9828]" started-at="2025-06-26T15:06:53 IST" name="LoginFun" finished-at="2025-06-26T15:07:06 IST" duration-ms="12376" status="PASS">
          <reporter-output>
          </reporter-output>
        </test-method> <!-- LoginFun -->
        <test-method is-config="true" signature="TearDown()[pri:0, instance:com.qa.testscripts.LaunchBrowser@38af9828]" started-at="2025-06-26T15:07:07 IST" name="TearDown" finished-at="2025-06-26T15:07:10 IST" duration-ms="3734" status="PASS">
          <reporter-output>
          </reporter-output>
        </test-method> <!-- TearDown -->
      </class> <!-- com.qa.testscripts.LaunchBrowser -->
      <class name="com.qa.testscripts.Amazon_Loactors">
        <test-method is-config="true" signature="SetUp()[pri:0, instance:com.qa.testscripts.Amazon_Loactors@4149c063]" started-at="2025-06-26T15:04:44 IST" name="SetUp" finished-at="2025-06-26T15:04:51 IST" duration-ms="7153" status="PASS">
          <reporter-output>
          </reporter-output>
        </test-method> <!-- SetUp -->
        <test-method signature="LaunchBrowser()[pri:0, instance:com.qa.testscripts.Amazon_Loactors@4149c063]" started-at="2025-06-26T15:04:51 IST" name="LaunchBrowser" finished-at="2025-06-26T15:05:27 IST" duration-ms="36088" status="PASS">
          <reporter-output>
          </reporter-output>
        </test-method> <!-- LaunchBrowser -->
      </class> <!-- com.qa.testscripts.Amazon_Loactors -->
      <class name="com.qa.testscripts.Waits_Demo">
        <test-method is-config="true" signature="SetUp()[pri:0, instance:com.qa.testscripts.Waits_Demo@376a0d86]" started-at="2025-06-26T15:07:10 IST" name="SetUp" finished-at="2025-06-26T15:07:36 IST" duration-ms="25592" status="FAIL">
          <exception class="org.openqa.selenium.WebDriverException">
            <message>
              <![CDATA[unknown error: failed to change window state to 'maximized', current state is 'minimized'
  (Session info: chrome=137.0.7151.120)
Build info: version: '4.11.0', revision: '040bc5406b'
System info: os.name: 'Windows 10', os.arch: 'amd64', os.version: '10.0', java.version: '17.0.12'
Driver info: org.openqa.selenium.chrome.ChromeDriver
Command: [964fd8ce0de5a424629fcef121d8e1a2, maximizeCurrentWindow {}]
Capabilities {acceptInsecureCerts: false, browserName: chrome, browserVersion: 137.0.7151.120, chrome: {chromedriverVersion: 137.0.7151.119 (e0ac9d12dff..., userDataDir: C:\Users\SS\AppData\Local\T...}, fedcm:accounts: true, goog:chromeOptions: {debuggerAddress: localhost:51728}, networkConnectionEnabled: false, pageLoadStrategy: normal, platformName: windows, proxy: Proxy(), se:cdp: ws://localhost:51728/devtoo..., se:cdpVersion: 137.0.7151.120, setWindowRect: true, strictFileInteractability: false, timeouts: {implicit: 0, pageLoad: 300000, script: 30000}, unhandledPromptBehavior: dismiss and notify, webauthn:extension:credBlob: true, webauthn:extension:largeBlob: true, webauthn:extension:minPinLength: true, webauthn:extension:prf: true, webauthn:virtualAuthenticators: true}
Session ID: 964fd8ce0de5a424629fcef121d8e1a2]]>
            </message>
            <full-stacktrace>
              <![CDATA[org.openqa.selenium.WebDriverException: unknown error: failed to change window state to 'maximized', current state is 'minimized'
  (Session info: chrome=137.0.7151.120)
Build info: version: '4.11.0', revision: '040bc5406b'
System info: os.name: 'Windows 10', os.arch: 'amd64', os.version: '10.0', java.version: '17.0.12'
Driver info: org.openqa.selenium.chrome.ChromeDriver
Command: [964fd8ce0de5a424629fcef121d8e1a2, maximizeCurrentWindow {}]
Capabilities {acceptInsecureCerts: false, browserName: chrome, browserVersion: 137.0.7151.120, chrome: {chromedriverVersion: 137.0.7151.119 (e0ac9d12dff..., userDataDir: C:\Users\SS\AppData\Local\T...}, fedcm:accounts: true, goog:chromeOptions: {debuggerAddress: localhost:51728}, networkConnectionEnabled: false, pageLoadStrategy: normal, platformName: windows, proxy: Proxy(), se:cdp: ws://localhost:51728/devtoo..., se:cdpVersion: 137.0.7151.120, setWindowRect: true, strictFileInteractability: false, timeouts: {implicit: 0, pageLoad: 300000, script: 30000}, unhandledPromptBehavior: dismiss and notify, webauthn:extension:credBlob: true, webauthn:extension:largeBlob: true, webauthn:extension:minPinLength: true, webauthn:extension:prf: true, webauthn:virtualAuthenticators: true}
Session ID: 964fd8ce0de5a424629fcef121d8e1a2
at java.base/jdk.internal.reflect.NativeConstructorAccessorImpl.newInstance0(Native Method)
at java.base/jdk.internal.reflect.NativeConstructorAccessorImpl.newInstance(NativeConstructorAccessorImpl.java:77)
at java.base/jdk.internal.reflect.DelegatingConstructorAccessorImpl.newInstance(DelegatingConstructorAccessorImpl.java:45)
at java.base/java.lang.reflect.Constructor.newInstanceWithCaller(Constructor.java:499)
at java.base/java.lang.reflect.Constructor.newInstance(Constructor.java:480)
at org.openqa.selenium.remote.codec.w3c.W3CHttpResponseCodec.createException(W3CHttpResponseCodec.java:200)
at org.openqa.selenium.remote.codec.w3c.W3CHttpResponseCodec.decode(W3CHttpResponseCodec.java:133)
at org.openqa.selenium.remote.codec.w3c.W3CHttpResponseCodec.decode(W3CHttpResponseCodec.java:52)
at org.openqa.selenium.remote.HttpCommandExecutor.execute(HttpCommandExecutor.java:191)
at org.openqa.selenium.remote.service.DriverCommandExecutor.invokeExecute(DriverCommandExecutor.java:196)
at org.openqa.selenium.remote.service.DriverCommandExecutor.execute(DriverCommandExecutor.java:171)
at org.openqa.selenium.remote.RemoteWebDriver.execute(RemoteWebDriver.java:518)
at org.openqa.selenium.remote.RemoteWebDriver.execute(RemoteWebDriver.java:591)
at org.openqa.selenium.remote.RemoteWebDriver.execute(RemoteWebDriver.java:595)
at org.openqa.selenium.remote.RemoteWebDriver$RemoteWebDriverOptions$RemoteWindow.maximize(RemoteWebDriver.java:978)
at com.qa.testscripts.TestBase.SetUp(TestBase.java:48)
at java.base/jdk.internal.reflect.NativeMethodAccessorImpl.invoke0(Native Method)
at java.base/jdk.internal.reflect.NativeMethodAccessorImpl.invoke(NativeMethodAccessorImpl.java:77)
at java.base/jdk.internal.reflect.DelegatingMethodAccessorImpl.invoke(DelegatingMethodAccessorImpl.java:43)
at java.base/java.lang.reflect.Method.invoke(Method.java:568)
at org.testng.internal.invokers.MethodInvocationHelper.invokeMethod(MethodInvocationHelper.java:141)
at org.testng.internal.invokers.MethodInvocationHelper.invokeMethodConsideringTimeout(MethodInvocationHelper.java:71)
at org.testng.internal.invokers.ConfigInvoker.invokeConfigurationMethod(ConfigInvoker.java:400)
at org.testng.internal.invokers.ConfigInvoker.invokeConfigurations(ConfigInvoker.java:333)
at org.testng.internal.invokers.TestMethodWorker.invokeBeforeClassMethods(TestMethodWorker.java:188)
at org.testng.internal.invokers.TestMethodWorker.run(TestMethodWorker.java:128)
at java.base/java.util.ArrayList.forEach(ArrayList.java:1511)
at org.testng.TestRunner.privateRun(TestRunner.java:739)
at org.testng.TestRunner.run(TestRunner.java:614)
at org.testng.SuiteRunner.runTest(SuiteRunner.java:421)
at org.testng.SuiteRunner.runSequentially(SuiteRunner.java:413)
at org.testng.SuiteRunner.privateRun(SuiteRunner.java:373)
at org.testng.SuiteRunner.run(SuiteRunner.java:312)
at org.testng.SuiteRunnerWorker.runSuite(SuiteRunnerWorker.java:52)
at org.testng.SuiteRunnerWorker.run(SuiteRunnerWorker.java:95)
at org.testng.TestNG.runSuitesSequentially(TestNG.java:1274)
at org.testng.TestNG.runSuitesLocally(TestNG.java:1208)
at org.testng.TestNG.runSuites(TestNG.java:1112)
at org.testng.TestNG.run(TestNG.java:1079)
at org.testng.remote.AbstractRemoteTestNG.run(AbstractRemoteTestNG.java:115)
at org.testng.remote.RemoteTestNG.initAndRun(RemoteTestNG.java:293)
at org.testng.remote.RemoteTestNG.main(RemoteTestNG.java:91)
]]>
            </full-stacktrace>
          </exception> <!-- org.openqa.selenium.WebDriverException -->
          <reporter-output>
          </reporter-output>
        </test-method> <!-- SetUp -->
        <test-method signature="FluentWaitTest()[pri:3, instance:com.qa.testscripts.Waits_Demo@376a0d86]" started-at="2025-06-26T15:07:37 IST" name="FluentWaitTest" finished-at="2025-06-26T15:07:37 IST" duration-ms="1" status="SKIP">
          <exception class="org.openqa.selenium.WebDriverException">
            <message>
              <![CDATA[unknown error: failed to change window state to 'maximized', current state is 'minimized'
  (Session info: chrome=137.0.7151.120)
Build info: version: '4.11.0', revision: '040bc5406b'
System info: os.name: 'Windows 10', os.arch: 'amd64', os.version: '10.0', java.version: '17.0.12'
Driver info: org.openqa.selenium.chrome.ChromeDriver
Command: [964fd8ce0de5a424629fcef121d8e1a2, maximizeCurrentWindow {}]
Capabilities {acceptInsecureCerts: false, browserName: chrome, browserVersion: 137.0.7151.120, chrome: {chromedriverVersion: 137.0.7151.119 (e0ac9d12dff..., userDataDir: C:\Users\SS\AppData\Local\T...}, fedcm:accounts: true, goog:chromeOptions: {debuggerAddress: localhost:51728}, networkConnectionEnabled: false, pageLoadStrategy: normal, platformName: windows, proxy: Proxy(), se:cdp: ws://localhost:51728/devtoo..., se:cdpVersion: 137.0.7151.120, setWindowRect: true, strictFileInteractability: false, timeouts: {implicit: 0, pageLoad: 300000, script: 30000}, unhandledPromptBehavior: dismiss and notify, webauthn:extension:credBlob: true, webauthn:extension:largeBlob: true, webauthn:extension:minPinLength: true, webauthn:extension:prf: true, webauthn:virtualAuthenticators: true}
Session ID: 964fd8ce0de5a424629fcef121d8e1a2]]>
            </message>
            <full-stacktrace>
              <![CDATA[org.openqa.selenium.WebDriverException: unknown error: failed to change window state to 'maximized', current state is 'minimized'
  (Session info: chrome=137.0.7151.120)
Build info: version: '4.11.0', revision: '040bc5406b'
System info: os.name: 'Windows 10', os.arch: 'amd64', os.version: '10.0', java.version: '17.0.12'
Driver info: org.openqa.selenium.chrome.ChromeDriver
Command: [964fd8ce0de5a424629fcef121d8e1a2, maximizeCurrentWindow {}]
Capabilities {acceptInsecureCerts: false, browserName: chrome, browserVersion: 137.0.7151.120, chrome: {chromedriverVersion: 137.0.7151.119 (e0ac9d12dff..., userDataDir: C:\Users\SS\AppData\Local\T...}, fedcm:accounts: true, goog:chromeOptions: {debuggerAddress: localhost:51728}, networkConnectionEnabled: false, pageLoadStrategy: normal, platformName: windows, proxy: Proxy(), se:cdp: ws://localhost:51728/devtoo..., se:cdpVersion: 137.0.7151.120, setWindowRect: true, strictFileInteractability: false, timeouts: {implicit: 0, pageLoad: 300000, script: 30000}, unhandledPromptBehavior: dismiss and notify, webauthn:extension:credBlob: true, webauthn:extension:largeBlob: true, webauthn:extension:minPinLength: true, webauthn:extension:prf: true, webauthn:virtualAuthenticators: true}
Session ID: 964fd8ce0de5a424629fcef121d8e1a2
at java.base/jdk.internal.reflect.NativeConstructorAccessorImpl.newInstance0(Native Method)
at java.base/jdk.internal.reflect.NativeConstructorAccessorImpl.newInstance(NativeConstructorAccessorImpl.java:77)
at java.base/jdk.internal.reflect.DelegatingConstructorAccessorImpl.newInstance(DelegatingConstructorAccessorImpl.java:45)
at java.base/java.lang.reflect.Constructor.newInstanceWithCaller(Constructor.java:499)
at java.base/java.lang.reflect.Constructor.newInstance(Constructor.java:480)
at org.openqa.selenium.remote.codec.w3c.W3CHttpResponseCodec.createException(W3CHttpResponseCodec.java:200)
at org.openqa.selenium.remote.codec.w3c.W3CHttpResponseCodec.decode(W3CHttpResponseCodec.java:133)
at org.openqa.selenium.remote.codec.w3c.W3CHttpResponseCodec.decode(W3CHttpResponseCodec.java:52)
at org.openqa.selenium.remote.HttpCommandExecutor.execute(HttpCommandExecutor.java:191)
at org.openqa.selenium.remote.service.DriverCommandExecutor.invokeExecute(DriverCommandExecutor.java:196)
at org.openqa.selenium.remote.service.DriverCommandExecutor.execute(DriverCommandExecutor.java:171)
at org.openqa.selenium.remote.RemoteWebDriver.execute(RemoteWebDriver.java:518)
at org.openqa.selenium.remote.RemoteWebDriver.execute(RemoteWebDriver.java:591)
at org.openqa.selenium.remote.RemoteWebDriver.execute(RemoteWebDriver.java:595)
at org.openqa.selenium.remote.RemoteWebDriver$RemoteWebDriverOptions$RemoteWindow.maximize(RemoteWebDriver.java:978)
at com.qa.testscripts.TestBase.SetUp(TestBase.java:48)
at java.base/jdk.internal.reflect.NativeMethodAccessorImpl.invoke0(Native Method)
at java.base/jdk.internal.reflect.NativeMethodAccessorImpl.invoke(NativeMethodAccessorImpl.java:77)
at java.base/jdk.internal.reflect.DelegatingMethodAccessorImpl.invoke(DelegatingMethodAccessorImpl.java:43)
at java.base/java.lang.reflect.Method.invoke(Method.java:568)
at org.testng.internal.invokers.MethodInvocationHelper.invokeMethod(MethodInvocationHelper.java:141)
at org.testng.internal.invokers.MethodInvocationHelper.invokeMethodConsideringTimeout(MethodInvocationHelper.java:71)
at org.testng.internal.invokers.ConfigInvoker.invokeConfigurationMethod(ConfigInvoker.java:400)
at org.testng.internal.invokers.ConfigInvoker.invokeConfigurations(ConfigInvoker.java:333)
at org.testng.internal.invokers.TestMethodWorker.invokeBeforeClassMethods(TestMethodWorker.java:188)
at org.testng.internal.invokers.TestMethodWorker.run(TestMethodWorker.java:128)
at java.base/java.util.ArrayList.forEach(ArrayList.java:1511)
at org.testng.TestRunner.privateRun(TestRunner.java:739)
at org.testng.TestRunner.run(TestRunner.java:614)
at org.testng.SuiteRunner.runTest(SuiteRunner.java:421)
at org.testng.SuiteRunner.runSequentially(SuiteRunner.java:413)
at org.testng.SuiteRunner.privateRun(SuiteRunner.java:373)
at org.testng.SuiteRunner.run(SuiteRunner.java:312)
at org.testng.SuiteRunnerWorker.runSuite(SuiteRunnerWorker.java:52)
at org.testng.SuiteRunnerWorker.run(SuiteRunnerWorker.java:95)
at org.testng.TestNG.runSuitesSequentially(TestNG.java:1274)
at org.testng.TestNG.runSuitesLocally(TestNG.java:1208)
at org.testng.TestNG.runSuites(TestNG.java:1112)
at org.testng.TestNG.run(TestNG.java:1079)
at org.testng.remote.AbstractRemoteTestNG.run(AbstractRemoteTestNG.java:115)
at org.testng.remote.RemoteTestNG.initAndRun(RemoteTestNG.java:293)
at org.testng.remote.RemoteTestNG.main(RemoteTestNG.java:91)
]]>
            </full-stacktrace>
          </exception> <!-- org.openqa.selenium.WebDriverException -->
          <reporter-output>
          </reporter-output>
        </test-method> <!-- FluentWaitTest -->
      </class> <!-- com.qa.testscripts.Waits_Demo -->
      <class name="com.qa.testscripts.Amazon_Drag_Drop">
        <test-method is-config="true" signature="SetUp()[pri:0, instance:com.qa.testscripts.Amazon_Drag_Drop@76b07f29]" started-at="2025-06-26T15:05:58 IST" name="SetUp" finished-at="2025-06-26T15:06:02 IST" duration-ms="4277" status="PASS">
          <reporter-output>
          </reporter-output>
        </test-method> <!-- SetUp -->
        <test-method signature="LunchBrowser()[pri:0, instance:com.qa.testscripts.Amazon_Drag_Drop@76b07f29]" started-at="2025-06-26T15:06:02 IST" name="LunchBrowser" finished-at="2025-06-26T15:06:29 IST" duration-ms="26410" status="PASS">
          <reporter-output>
          </reporter-output>
        </test-method> <!-- LunchBrowser -->
      </class> <!-- com.qa.testscripts.Amazon_Drag_Drop -->
      <class name="com.qa.testscripts.Handling_Alerts_Demo">
        <test-method is-config="true" signature="SetUp()[pri:0, instance:com.qa.testscripts.Handling_Alerts_Demo@9cb8225]" started-at="2025-06-26T15:05:28 IST" name="SetUp" finished-at="2025-06-26T15:05:33 IST" duration-ms="4997" status="PASS">
          <reporter-output>
          </reporter-output>
        </test-method> <!-- SetUp -->
        <test-method signature="AcceptAlertTest()[pri:1, instance:com.qa.testscripts.Handling_Alerts_Demo@9cb8225]" started-at="2025-06-26T15:05:33 IST" name="AcceptAlertTest" finished-at="2025-06-26T15:05:42 IST" duration-ms="9036" status="PASS">
          <reporter-output>
          </reporter-output>
        </test-method> <!-- AcceptAlertTest -->
        <test-method signature="DismissAlertTest()[pri:2, instance:com.qa.testscripts.Handling_Alerts_Demo@9cb8225]" started-at="2025-06-26T15:05:42 IST" name="DismissAlertTest" finished-at="2025-06-26T15:05:46 IST" duration-ms="4689" status="PASS">
          <reporter-output>
          </reporter-output>
        </test-method> <!-- DismissAlertTest -->
        <test-method signature="GetTextAlertText()[pri:3, instance:com.qa.testscripts.Handling_Alerts_Demo@9cb8225]" started-at="2025-06-26T15:05:46 IST" name="GetTextAlertText" finished-at="2025-06-26T15:05:51 IST" duration-ms="4583" status="PASS">
          <reporter-output>
          </reporter-output>
        </test-method> <!-- GetTextAlertText -->
        <test-method signature="SendKeysAlertText()[pri:4, instance:com.qa.testscripts.Handling_Alerts_Demo@9cb8225]" started-at="2025-06-26T15:05:51 IST" name="SendKeysAlertText" finished-at="2025-06-26T15:05:58 IST" duration-ms="7083" status="PASS">
          <reporter-output>
          </reporter-output>
        </test-method> <!-- SendKeysAlertText -->
      </class> <!-- com.qa.testscripts.Handling_Alerts_Demo -->
      <class name="com.qa.testscripts.Google_Travel">
        <test-method is-config="true" signature="SetUp()[pri:0, instance:com.qa.testscripts.Google_Travel@4b86805d]" started-at="2025-06-26T15:02:28 IST" name="SetUp" finished-at="2025-06-26T15:02:33 IST" duration-ms="5193" status="PASS">
          <reporter-output>
          </reporter-output>
        </test-method> <!-- SetUp -->
        <test-method signature="Browser_Launch_URL_Open()[pri:1, instance:com.qa.testscripts.Google_Travel@4b86805d]" started-at="2025-06-26T15:02:33 IST" name="Browser_Launch_URL_Open" finished-at="2025-06-26T15:02:45 IST" duration-ms="11998" status="PASS">
          <reporter-output>
          </reporter-output>
        </test-method> <!-- Browser_Launch_URL_Open -->
      </class> <!-- com.qa.testscripts.Google_Travel -->
      <class name="com.qa.testscripts.WebPage_Scrolling_Demo">
        <test-method is-config="true" signature="SetUp()[pri:0, instance:com.qa.testscripts.WebPage_Scrolling_Demo@2c78324b]" started-at="2025-06-26T14:59:50 IST" name="SetUp" finished-at="2025-06-26T14:59:53 IST" duration-ms="2736" status="PASS">
          <reporter-output>
          </reporter-output>
        </test-method> <!-- SetUp -->
        <test-method signature="ScrollDownUsingPixel()[pri:1, instance:com.qa.testscripts.WebPage_Scrolling_Demo@2c78324b]" started-at="2025-06-26T14:59:53 IST" name="ScrollDownUsingPixel" finished-at="2025-06-26T14:59:59 IST" duration-ms="6126" status="PASS">
          <reporter-output>
          </reporter-output>
        </test-method> <!-- ScrollDownUsingPixel -->
        <test-method signature="ScrollDownUsingWebElemnt()[pri:2, instance:com.qa.testscripts.WebPage_Scrolling_Demo@2c78324b]" started-at="2025-06-26T14:59:59 IST" name="ScrollDownUsingWebElemnt" finished-at="2025-06-26T15:00:01 IST" duration-ms="2273" status="PASS">
          <reporter-output>
          </reporter-output>
        </test-method> <!-- ScrollDownUsingWebElemnt -->
        <test-method signature="ScrollDownUsingBottomPage()[pri:3, instance:com.qa.testscripts.WebPage_Scrolling_Demo@2c78324b]" started-at="2025-06-26T15:00:02 IST" name="ScrollDownUsingBottomPage" finished-at="2025-06-26T15:00:10 IST" duration-ms="7980" status="PASS">
          <reporter-output>
          </reporter-output>
        </test-method> <!-- ScrollDownUsingBottomPage -->
        <test-method signature="ScrollToTop()[pri:4, instance:com.qa.testscripts.WebPage_Scrolling_Demo@2c78324b]" started-at="2025-06-26T15:00:10 IST" name="ScrollToTop" finished-at="2025-06-26T15:00:14 IST" duration-ms="4245" status="PASS">
          <reporter-output>
          </reporter-output>
        </test-method> <!-- ScrollToTop -->
        <test-method signature="ScrollUsingActions()[pri:5, instance:com.qa.testscripts.WebPage_Scrolling_Demo@2c78324b]" started-at="2025-06-26T15:00:14 IST" name="ScrollUsingActions" finished-at="2025-06-26T15:00:16 IST" duration-ms="2119" status="PASS">
          <reporter-output>
          </reporter-output>
        </test-method> <!-- ScrollUsingActions -->
      </class> <!-- com.qa.testscripts.WebPage_Scrolling_Demo -->
      <class name="com.qa.testscripts.RobotClass_Demo">
        <test-method is-config="true" signature="SetUp()[pri:0, instance:com.qa.testscripts.RobotClass_Demo@4e0ae11f]" started-at="2025-06-26T15:01:41 IST" name="SetUp" finished-at="2025-06-26T15:01:44 IST" duration-ms="3498" status="PASS">
          <reporter-output>
          </reporter-output>
        </test-method> <!-- SetUp -->
        <test-method signature="RobotClassDemo()[pri:0, instance:com.qa.testscripts.RobotClass_Demo@4e0ae11f]" started-at="2025-06-26T15:01:44 IST" name="RobotClassDemo" finished-at="2025-06-26T15:02:13 IST" duration-ms="28407" status="PASS">
          <reporter-output>
          </reporter-output>
        </test-method> <!-- RobotClassDemo -->
      </class> <!-- com.qa.testscripts.RobotClass_Demo -->
      <class name="com.qa.testscripts.Amazon_BrowserDemo">
        <test-method is-config="true" signature="SetUp()[pri:0, instance:com.qa.testscripts.Amazon_BrowserDemo@7ac296f6]" started-at="2025-06-26T14:59:40 IST" name="SetUp" finished-at="2025-06-26T14:59:46 IST" duration-ms="5726" status="PASS">
          <reporter-output>
          </reporter-output>
        </test-method> <!-- SetUp -->
        <test-method signature="LaunchBrowser()[pri:0, instance:com.qa.testscripts.Amazon_BrowserDemo@7ac296f6]" started-at="2025-06-26T14:59:46 IST" name="LaunchBrowser" finished-at="2025-06-26T14:59:50 IST" duration-ms="4242" status="PASS">
          <reporter-output>
          </reporter-output>
        </test-method> <!-- LaunchBrowser -->
      </class> <!-- com.qa.testscripts.Amazon_BrowserDemo -->
      <class name="com.qa.testscripts.DragandDrop_Method">
        <test-method is-config="true" signature="SetUp()[pri:0, instance:com.qa.testscripts.DragandDrop_Method@79defdc]" started-at="2025-06-26T15:00:16 IST" name="SetUp" finished-at="2025-06-26T15:00:19 IST" duration-ms="2882" status="PASS">
          <reporter-output>
          </reporter-output>
        </test-method> <!-- SetUp -->
        <test-method signature="LaunchBrowser()[pri:0, instance:com.qa.testscripts.DragandDrop_Method@79defdc]" started-at="2025-06-26T15:00:19 IST" name="LaunchBrowser" finished-at="2025-06-26T15:00:32 IST" duration-ms="12937" status="PASS">
          <reporter-output>
          </reporter-output>
        </test-method> <!-- LaunchBrowser -->
      </class> <!-- com.qa.testscripts.DragandDrop_Method -->
      <class name="com.qa.testscripts.Zepto_Navigate_Commands">
        <test-method is-config="true" signature="SetUp()[pri:0, instance:com.qa.testscripts.Zepto_Navigate_Commands@5852c06f]" started-at="2025-06-26T15:02:45 IST" name="SetUp" finished-at="2025-06-26T15:02:54 IST" duration-ms="8777" status="PASS">
          <reporter-output>
          </reporter-output>
        </test-method> <!-- SetUp -->
        <test-method signature="LaunchBrowser()[pri:0, instance:com.qa.testscripts.Zepto_Navigate_Commands@5852c06f]" started-at="2025-06-26T15:02:54 IST" name="LaunchBrowser" finished-at="2025-06-26T15:04:44 IST" duration-ms="109705" status="PASS">
          <reporter-output>
          </reporter-output>
        </test-method> <!-- LaunchBrowser -->
      </class> <!-- com.qa.testscripts.Zepto_Navigate_Commands -->
      <class name="com.qa.testscripts.ActionClass_Demo">
        <test-method is-config="true" signature="SetUp()[pri:0, instance:com.qa.testscripts.ActionClass_Demo@18317edc]" started-at="2025-06-26T15:00:32 IST" name="SetUp" finished-at="2025-06-26T15:00:36 IST" duration-ms="4331" status="PASS">
          <reporter-output>
          </reporter-output>
        </test-method> <!-- SetUp -->
        <test-method signature="LaunchBrowser()[pri:0, instance:com.qa.testscripts.ActionClass_Demo@18317edc]" started-at="2025-06-26T15:00:36 IST" name="LaunchBrowser" finished-at="2025-06-26T15:01:41 IST" duration-ms="64672" status="PASS">
          <reporter-output>
          </reporter-output>
        </test-method> <!-- LaunchBrowser -->
      </class> <!-- com.qa.testscripts.ActionClass_Demo -->
      <class name="com.qa.testscripts.FlipKart_GetCommands">
        <test-method is-config="true" signature="SetUp()[pri:0, instance:com.qa.testscripts.FlipKart_GetCommands@238d68ff]" started-at="2025-06-26T15:02:13 IST" name="SetUp" finished-at="2025-06-26T15:02:16 IST" duration-ms="2872" status="PASS">
          <reporter-output>
          </reporter-output>
        </test-method> <!-- SetUp -->
        <test-method signature="LaunchBrowser()[pri:0, instance:com.qa.testscripts.FlipKart_GetCommands@238d68ff]" started-at="2025-06-26T15:02:16 IST" name="LaunchBrowser" finished-at="2025-06-26T15:02:28 IST" duration-ms="12064" status="PASS">
          <reporter-output>
          </reporter-output>
        </test-method> <!-- LaunchBrowser -->
      </class> <!-- com.qa.testscripts.FlipKart_GetCommands -->
    </test> <!-- Test -->
  </suite> <!-- Suite -->
</testng-results>
